Added Component: Designator=C1(0805_Passive_Capaciitor)
Added Component: Designator=C2(0402_Passive_Capacitor)
Added Component: Designator=C3(0402_Passive_Capacitor)
Added Component: Designator=C4(0402_Passive_Capacitor)
Added Component: Designator=C5(0402_Passive_Capacitor)
Added Component: Designator=C6(0402_Passive_Capacitor)
Added Component: Designator=C7(0402_Passive_Capacitor)
Added Component: Designator=C8(0402_Passive_Capacitor)
Added Component: Designator=C9(0402_Passive_Capacitor)
Added Component: Designator=C10(0402_Passive_Capacitor)
Added Component: Designator=J1(2_PIN_100MIL)
Added Component: Designator=J2(2_PIN_100MIL)
Added Component: Designator=J3(2_PIN_100MIL)
Added Component: Designator=J4(2_PIN_100MIL)
Added Component: Designator=J5(6_PIN_100MIL-Male)
Added Component: Designator=J6(SMA_2_LAYER)
Added Component: Designator=J7(3_PIN_100mil)
Added Component: Designator=LED1(LED_0603)
Added Component: Designator=P1(Power_Jack)
Added Component: Designator=Q1(N-MOSFET)
Added Component: Designator=R1(0805_Passive_Resistor)
Added Component: Designator=R2(0402_Passive_Resistor)
Added Component: Designator=R3(0402_Passive_Resistor)
Added Component: Designator=R4(0402_Passive_Resistor)
Added Component: Designator=R5(0402_Passive_Resistor)
Added Component: Designator=R6(0402_Passive_Resistor)
Added Component: Designator=R7(1206_Passive_Resitor)
Added Component: Designator=R8(1206_Passive_Resitor)
Added Component: Designator=R9(1206_Passive_Resitor)
Added Component: Designator=R10(0402_Passive_Resistor)
Added Component: Designator=TP1(TP10x_Probe)
Added Component: Designator=TP2(TP10x_Probe)
Added Component: Designator=TP3(TP10x_Probe)
Added Component: Designator=TP4(TP10x_Probe)
Added Component: Designator=TP5(TP10x_Probe)
Added Component: Designator=TP6(TP10x_Probe)
Added Component: Designator=TP7(TP10x_Probe)
Added Component: Designator=U1(HEX_74AC14)
Added Component: Designator=U2(HEX_74AC14)
Added Component: Designator=U3(TS555IDTTR)
Added Component: Designator=U4(SOIC127P600X175-14N)
Added Component: Designator=U5(SOIC127P600X175-8N)
Added Component: Designator=Y1(Crystal resonator)
Added Net: Name=16M_BUF_OUT
Added Net: Name=16M_O1
Added Net: Name=16M_O2
Added Net: Name=555_Output
Added Net: Name=ARD_PULSE
Added Net: Name=GND
Added Net: Name=NetC1_2
Added Net: Name=NetC3_2
Added Net: Name=NetC7_2
Added Net: Name=NetLED1_2
Added Net: Name=NetR2_2
Added Net: Name=NetR9_2
Added Net: Name=NetU2_2
Added Net: Name=NetU2_4
Added Net: Name=NetU2_11
Added Net: Name=OP_INP
Added Net: Name=OP_OUT
Added Net: Name=RC_PUP
Added Net: Name=RING_BUF
Added Net: Name=RING_OSC
Added Net: Name=RING_PUP
Added Net: Name=SMA_INPUT
Added Net: Name=V_CUR
Added Net: Name=VCC_555
Added Net: Name=VCC_+5V
Added Net: Name=VCC_RC
Added Net: Name=VCC_RING
Added Net: Name=VCC_XTAL
Added Net: Name=XTAL_PUP
Added Class: Name=Schematics
Added Room: Name=Schematics
