Removed Pin From Net: NetName=SMA_INPUT Pin=J7-3
Removed Pin From Net: NetName=V_CUR Pin=R7-1
Removed Member From Class: ClassName=Schematics Member=J7
Change Component Footprint: Designator=R7 Old Footprint=1206_Passive_Resitor New Footprint=0402_Passive_Resistor
Change Component Comment : Designator=R7 Old Comment=10 Ohm New Comment=10k
Change component parameters: Designator = "R7" ("R7"); Footprint = "1206_Passive_Resitor"; UniqueID = "\EFWQQHXN" ("\EFWQQHXN")
Change component parameters (AddParameter): Name = "Datasheet"; Value = "https://datasheet.lcsc.com/szlcsc/Uniroyal-Elec-0402WGF1002TCE_C25744.pdf"; VariantName = "[No Variations]"
Change component parameters (AddParameter): Name = "LCSC Part#"; Value = "C25744"; VariantName = "[No Variations]"
Change component parameters (AddParameter): Name = "MFR Part #"; Value = "0402WGF1002TCE"; VariantName = "[No Variations]"
Change component parameters (AddParameter): Name = "Type"; Value = "Basic"; VariantName = "[No Variations]"
Change component parameters (AddParameter): Name = "Value"; Value = "10KOhm"; VariantName = "[No Variations]"
Added Component: Designator=LED2(LED_0603)
Add component (AddParameter): Name = "Datasheet"; Value = "https://datasheet.lcsc.com/szlcsc/Everlight-Elec-19-217-BHC-ZL1M2RY-3T_C72041.pdf"; VariantName = "[No Variations]"
Add component (AddParameter): Name = "LCSC Part#"; Value = "C2286"; VariantName = "[No Variations]"
Add component (AddParameter): Name = "MFR Part #"; Value = "KT-0603R"; VariantName = "[No Variations]"
Add component (AddParameter): Name = "Type"; Value = "Basic"; VariantName = "[No Variations]"
Add component (AddParameter): Name = "Value"; Value = "Red"; VariantName = "[No Variations]"
Added Component: Designator=LED3(LED_0603)
Add component (AddParameter): Name = "Datasheet"; Value = "https://datasheet.lcsc.com/szlcsc/Everlight-Elec-19-217-BHC-ZL1M2RY-3T_C72041.pdf"; VariantName = "[No Variations]"
Add component (AddParameter): Name = "LCSC Part#"; Value = "C2286"; VariantName = "[No Variations]"
Add component (AddParameter): Name = "MFR Part #"; Value = "KT-0603R"; VariantName = "[No Variations]"
Add component (AddParameter): Name = "Type"; Value = "Basic"; VariantName = "[No Variations]"
Add component (AddParameter): Name = "Value"; Value = "Red"; VariantName = "[No Variations]"
Added Component: Designator=LED4(LED_0603)
Add component (AddParameter): Name = "Datasheet"; Value = "https://datasheet.lcsc.com/szlcsc/Everlight-Elec-19-217-BHC-ZL1M2RY-3T_C72041.pdf"; VariantName = "[No Variations]"
Add component (AddParameter): Name = "LCSC Part#"; Value = "C2286"; VariantName = "[No Variations]"
Add component (AddParameter): Name = "MFR Part #"; Value = "KT-0603R"; VariantName = "[No Variations]"
Add component (AddParameter): Name = "Type"; Value = "Basic"; VariantName = "[No Variations]"
Add component (AddParameter): Name = "Value"; Value = "Red"; VariantName = "[No Variations]"
Added Component: Designator=LED5(LED_0603)
Add component (AddParameter): Name = "Datasheet"; Value = "https://datasheet.lcsc.com/szlcsc/Everlight-Elec-19-217-BHC-ZL1M2RY-3T_C72041.pdf"; VariantName = "[No Variations]"
Add component (AddParameter): Name = "LCSC Part#"; Value = "C2286"; VariantName = "[No Variations]"
Add component (AddParameter): Name = "MFR Part #"; Value = "KT-0603R"; VariantName = "[No Variations]"
Add component (AddParameter): Name = "Type"; Value = "Basic"; VariantName = "[No Variations]"
Add component (AddParameter): Name = "Value"; Value = "Red"; VariantName = "[No Variations]"
Added Component: Designator=R11(0402_Passive_Resistor)
Add component (AddParameter): Name = "Datasheet"; Value = "https://datasheet.lcsc.com/szlcsc/Uniroyal-Elec-0402WGF1002TCE_C25744.pdf"; VariantName = "[No Variations]"
Add component (AddParameter): Name = "LCSC Part#"; Value = "C25744"; VariantName = "[No Variations]"
Add component (AddParameter): Name = "MFR Part #"; Value = "0402WGF1002TCE"; VariantName = "[No Variations]"
Add component (AddParameter): Name = "Type"; Value = "Basic"; VariantName = "[No Variations]"
Add component (AddParameter): Name = "Value"; Value = "10KOhm"; VariantName = "[No Variations]"
Added Component: Designator=R12(0402_Passive_Resistor)
Add component (AddParameter): Name = "Datasheet"; Value = "https://datasheet.lcsc.com/szlcsc/Uniroyal-Elec-0402WGF1002TCE_C25744.pdf"; VariantName = "[No Variations]"
Add component (AddParameter): Name = "LCSC Part#"; Value = "C25744"; VariantName = "[No Variations]"
Add component (AddParameter): Name = "MFR Part #"; Value = "0402WGF1002TCE"; VariantName = "[No Variations]"
Add component (AddParameter): Name = "Type"; Value = "Basic"; VariantName = "[No Variations]"
Add component (AddParameter): Name = "Value"; Value = "10KOhm"; VariantName = "[No Variations]"
Added Component: Designator=R13(0402_Passive_Resistor)
Add component (AddParameter): Name = "Datasheet"; Value = "https://datasheet.lcsc.com/szlcsc/Uniroyal-Elec-0402WGF1002TCE_C25744.pdf"; VariantName = "[No Variations]"
Add component (AddParameter): Name = "LCSC Part#"; Value = "C25744"; VariantName = "[No Variations]"
Add component (AddParameter): Name = "MFR Part #"; Value = "0402WGF1002TCE"; VariantName = "[No Variations]"
Add component (AddParameter): Name = "Type"; Value = "Basic"; VariantName = "[No Variations]"
Add component (AddParameter): Name = "Value"; Value = "10KOhm"; VariantName = "[No Variations]"
Added Component: Designator=R14(1206_Passive_Resitor)
Add component (AddParameter): Name = "Datasheet"; Value = "https://datasheet.lcsc.com/lcsc/2206010145_UNI-ROYAL-Uniroyal-Elec-1206W4F470KT5E_C17937.pdf"; VariantName = "[No Variations]"
Add component (AddParameter): Name = "LCSC Part#"; Value = "C17937"; VariantName = "[No Variations]"
Add component (AddParameter): Name = "MFR Part #"; Value = "1206W4F470KT5E"; VariantName = "[No Variations]"
Add component (AddParameter): Name = "Type"; Value = "Extended"; VariantName = "[No Variations]"
Add component (AddParameter): Name = "Value"; Value = "4.7Ohm"; VariantName = "[No Variations]"
Added Component: Designator=R15(0402_Passive_Resistor)
Add component (AddParameter): Name = "Datasheet"; Value = "https://datasheet.lcsc.com/szlcsc/Uniroyal-Elec-0402WGF1002TCE_C25744.pdf"; VariantName = "[No Variations]"
Add component (AddParameter): Name = "LCSC Part#"; Value = "C25744"; VariantName = "[No Variations]"
Add component (AddParameter): Name = "MFR Part #"; Value = "0402WGF1002TCE"; VariantName = "[No Variations]"
Add component (AddParameter): Name = "Type"; Value = "Basic"; VariantName = "[No Variations]"
Add component (AddParameter): Name = "Value"; Value = "10KOhm"; VariantName = "[No Variations]"
Added Pin To Net: NetName=SMA_INPUT Pin=J5-3
Added Pin To Net: NetName=VCC_RING Pin=LED2-1
Added Pin To Net: NetName=VCC_555 Pin=LED3-1
Added Pin To Net: NetName=VCC_RC Pin=LED4-1
Added Pin To Net: NetName=VCC_XTAL Pin=LED5-1
Added Pin To Net: NetName=GND Pin=R11-2
Added Pin To Net: NetName=GND Pin=R12-2
Added Pin To Net: NetName=GND Pin=R13-2
Added Pin To Net: NetName=V_CUR Pin=R14-1
Added Pin To Net: NetName=GND Pin=R14-2
Added Pin To Net: NetName=SMA_INPUT Pin=R15-1
Added Pin To Net: NetName=GND Pin=R15-2
Added Pin To Net: NetName=SMA_INPUT Pin=U5-3
Added Pin To Net: NetName=NetLED2_2 Pin=LED2-2
Added Pin To Net: NetName=NetLED2_2 Pin=R7-1
Added Net: Name=NetLED2_2
Added Pin To Net: NetName=NetLED3_2 Pin=LED3-2
Added Pin To Net: NetName=NetLED3_2 Pin=R11-1
Added Net: Name=NetLED3_2
Added Pin To Net: NetName=NetLED4_2 Pin=LED4-2
Added Pin To Net: NetName=NetLED4_2 Pin=R12-1
Added Net: Name=NetLED4_2
Added Pin To Net: NetName=NetLED5_2 Pin=LED5-2
Added Pin To Net: NetName=NetLED5_2 Pin=R13-1
Added Net: Name=NetLED5_2
Added Member To Class: ClassName=Schematics Member=Component LED2 KT-0603R
Added Member To Class: ClassName=Schematics Member=Component LED3 KT-0603R
Added Member To Class: ClassName=Schematics Member=Component LED4 KT-0603R
Added Member To Class: ClassName=Schematics Member=Component LED5 KT-0603R
Added Member To Class: ClassName=Schematics Member=Component R11 10k
Added Member To Class: ClassName=Schematics Member=Component R12 10k
Added Member To Class: ClassName=Schematics Member=Component R13 10k
Added Member To Class: ClassName=Schematics Member=Component R14 4.7Ohm
Added Member To Class: ClassName=Schematics Member=Component R15 10k
